2026-06-07 16:42:59 [error]: Database query error {"query":"SELECT * FROM users WHERE email = $1","error":"password authentication failed for user \"buildmaster\""}
2026-06-07 16:42:59 [error]: error: password authentication failed for user "buildmaster"
    at C:\Users\gopiv\construction-erp\backend\node_modules\pg-pool\index.js:45:11
    at processTicksAndRejections (node:internal/process/task_queues:95:5)
    at query (C:\Users\gopiv\construction-erp\backend\src\config\database.ts:36:20)
    at C:\Users\gopiv\construction-erp\backend\src\controllers\auth.controller.ts:95:18 {"error":"password authentication failed for user \"buildmaster\""}
2026-06-07 16:45:06 [error]: Database query error {"query":"SELECT * FROM users WHERE email = $1","error":"password authentication failed for user \"buildmaster\""}
2026-06-07 16:45:06 [error]: error: password authentication failed for user "buildmaster"
    at C:\Users\gopiv\construction-erp\backend\node_modules\pg-pool\index.js:45:11
    at processTicksAndRejections (node:internal/process/task_queues:95:5)
    at query (C:\Users\gopiv\construction-erp\backend\src\config\database.ts:36:20)
    at C:\Users\gopiv\construction-erp\backend\src\controllers\auth.controller.ts:95:18 {"error":"password authentication failed for user \"buildmaster\""}
2026-06-07 16:52:52 [error]: Database query error {"query":"SELECT NOW()","error":"password authentication failed for user \"buildmaster\""}
2026-06-07 16:52:52 [error]: Database connection failed {"error":"password authentication failed for user \"buildmaster\""}
2026-06-12 23:34:47 [error]: Database query error {"query":"SELECT NOW()","error":"password authentication failed for user \"buildmaster\""}
2026-06-12 23:34:47 [error]: Database connection failed {"error":"password authentication failed for user \"buildmaster\""}
2026-06-14 11:27:43 [error]: Database query error {"query":"SELECT NOW()","error":"password authentication failed for user \"buildmaster\""}
2026-06-14 11:27:43 [error]: Database connection failed {"error":"password authentication failed for user \"buildmaster\""}
2026-06-14 11:33:43 [error]: Database query error {"query":"SELECT NOW()","error":"password authentication failed for user \"buildmaster\""}
2026-06-14 17:08:57 [error]: error: invalid input syntax for type uuid: "g1000000-0000-0000-0000-000000000001"
    at C:\Users\gopiv\Downloads\construction-erp\backend\node_modules\pg-pool\index.js:45:11
    at process.processTicksAndRejections (node:internal/process/task_queues:95:5)
    at setupDatabase (c:\Users\gopiv\Downloads\construction-erp\backend\src\scripts\setup-db.ts:44:5) {"length":137,"name":"error","severity":"ERROR","code":"22P02","position":"5221","file":"uuid.c","line":"177","routine":"string_to_uuid"}
2026-06-14 17:09:28 [error]: error: type "user_role" already exists
    at C:\Users\gopiv\Downloads\construction-erp\backend\node_modules\pg-pool\index.js:45:11
    at process.processTicksAndRejections (node:internal/process/task_queues:95:5)
    at setupDatabase (c:\Users\gopiv\Downloads\construction-erp\backend\src\scripts\setup-db.ts:38:5) {"length":89,"name":"error","severity":"ERROR","code":"42710","file":"typecmds.c","line":"1213","routine":"DefineEnum"}
2026-06-14 17:56:59 [error]: Database query error {"query":"INSERT INTO users (email, password_hash, first_name, last_name, phone, role, branch_id, is_verified, is_active)\n         VALUES ($1, $2, $3, $4, $5, $6, $7, true, true)","error":"insert or update on table \"users\" violates foreign key constraint \"users_branch_id_fkey\""}
2026-06-14 17:57:41 [error]: Database query error {"query":"-- BuildMaster ERP - Seed Data\n\nINSERT INTO branches (id, name, code, address, city, state, pincode, phone, email) VALUES\n('a1000000-0000-0000-0000-000000000001', 'Head Office', 'HO-001', '123 Constru","error":"invalid input syntax for type uuid: \"g1000000-0000-0000-0000-000000000001\""}
2026-06-14 19:33:51 [error]: Database query error {"query":"SELECT id, email, first_name, last_name, role, branch_id, is_active FROM users WHERE id = $1","error":"column \"branch_id\" does not exist"}
2026-06-14 19:33:51 [error]: error: column "branch_id" does not exist
    at C:\Users\gopiv\Downloads\construction-erp\backend\node_modules\pg-pool\index.js:45:11
    at process.processTicksAndRejections (node:internal/process/task_queues:95:5)
    at query (c:\Users\gopiv\Downloads\construction-erp\backend\src\config\database.ts:36:20)
    at JwtStrategy._verify (c:\Users\gopiv\Downloads\construction-erp\backend\src\config\passport.ts:20:22) {"error":"column \"branch_id\" does not exist"}
2026-06-14 19:36:23 [error]: Database query error {"query":"INSERT INTO materials (sku, name, category_id, unit, quantity, min_stock_level, cost_price, selling_price, supplier_id, warehouse_id, barcode, description)\n     VALUES ($1, $2, $3, $4, $5, $6, $7, $8,","error":"column \"supplier_id\" of relation \"materials\" does not exist"}
2026-06-14 19:36:23 [error]: error: column "supplier_id" of relation "materials" does not exist
    at C:\Users\gopiv\Downloads\construction-erp\backend\node_modules\pg-pool\index.js:45:11
    at process.processTicksAndRejections (node:internal/process/task_queues:95:5)
    at query (c:\Users\gopiv\Downloads\construction-erp\backend\src\config\database.ts:36:20)
    at <anonymous> (c:\Users\gopiv\Downloads\construction-erp\backend\src\controllers\materials.controller.ts:76:18) {"error":"column \"supplier_id\" of relation \"materials\" does not exist"}
2026-06-15 10:29:47 [error]: Database query error {"query":"SELECT m.*, mc.name AS category_name, s.company_name AS supplier_name\n     FROM materials m\n     LEFT JOIN material_categories mc ON m.category_id = mc.id\n     LEFT JOIN suppliers s ON m.supplier_id =","error":"relation \"suppliers\" does not exist"}
2026-06-15 10:29:47 [error]: error: relation "suppliers" does not exist
    at C:\Users\gopiv\Downloads\construction-erp\backend\node_modules\pg-pool\index.js:45:11
    at process.processTicksAndRejections (node:internal/process/task_queues:95:5)
    at query (c:\Users\gopiv\Downloads\construction-erp\backend\src\config\database.ts:36:20)
    at <anonymous> (c:\Users\gopiv\Downloads\construction-erp\backend\src\controllers\materials.controller.ts:30:18) {"error":"relation \"suppliers\" does not exist"}
